[Error / 21:02:18 16:32:49] > Message: Неверный логин или пароль! (code: -1)
[Error / 21:02:18 16:33:06] > Message: Неверный логин или пароль! (code: -1)
[Log / 21:02:18 16:46:00] > Message: Авторизация прошла успешно! (code: 0)
[TYPE_LOG / 21:02:18 16:46:15] > Message: Авторизация прошла успешно! (code: 0)
[Info / 21:02:18 16:46:30] > Message: Авторизация прошла успешно! (code: 0)
[Info / 21:02:18 16:47:06] > Message: Авторизация прошла успешно! (code: 0)
[Info / 21:02:18 16:47:09] > Message: Авторизация прошла успешно! (code: 0)
[Info / 21:02:18 16:47:11] > Message: Авторизация прошла успешно! (code: 0)
[Info / 21:02:18 16:53:36] > Message: Авторизация прошла успешно! (code: 0)
[Info / 21:02:18 16:53:51] > Message: Авторизация прошла успешно! (code: 0)
[Info / 21:02:18 16:55:03] > Message: Авторизация прошла успешно! (code: 0)
[Info / 21:02:18 16:55:03] > Message: Вернул! (code: 0)
[Info / 21:02:18 16:55:12] > Message: Авторизация прошла успешно! (code: 0)
[Error / 21:02:18 16:55:13] > Message: One of the parameters is need (code: 1)
[Info / 21:02:18 16:55:42] > Message: Авторизация прошла успешно! (code: 0)
[Info / 21:02:18 16:55:42] > Message: Вернул! (code: 0)
[Info / 21:02:18 16:56:33] > Message: Авторизация прошла успешно! (code: 0)
[Info / 21:02:18 16:56:34] > Message: Вернул! (code: 0)
[Info / 21:02:18 16:57:03] > Message: Авторизация прошла успешно! (code: 0)
[Info / 21:02:18 16:57:03] > Message: Вернул! (code: 0)
